[0.009s] Invoking command in '/home/alexandre/ros2_ws/src/turtlesim_catch_them_all_interfaces/build/turtlesim_catch_them_all_interfaces': CMAKE_PREFIX_PATH=${CMAKE_PREFIX_PATH}:/home/alexandre/ros2_ws/install/my_py_pkg:/opt/ros/humble /usr/bin/cmake /home/alexandre/ros2_ws/src/turtlesim_catch_them_all_interfaces -DCMAKE_INSTALL_PREFIX=/home/alexandre/ros2_ws/src/turtlesim_catch_them_all_interfaces/install/turtlesim_catch_them_all_interfaces
[0.109s] -- The C compiler identification is GNU 11.3.0
[0.204s] -- The CXX compiler identification is GNU 11.3.0
[0.213s] -- Detecting C compiler ABI info
[0.322s] -- Detecting C compiler ABI info - done
[0.339s] -- Check for working C compiler: /usr/bin/cc - skipped
[0.339s] -- Detecting C compile features
[0.340s] -- Detecting C compile features - done
[0.346s] -- Detecting CXX compiler ABI info
[0.428s] -- Detecting CXX compiler ABI info - done
[0.436s] -- Check for working CXX compiler: /usr/bin/c++ - skipped
[0.436s] -- Detecting CXX compile features
[0.437s] -- Detecting CXX compile features - done
[0.440s] -- Found ament_cmake: 1.3.3 (/opt/ros/humble/share/ament_cmake/cmake)
[0.601s] -- Found Python3: /usr/bin/python3.10 (found version "3.10.6") found components: Interpreter 
[0.691s] -- Found ament_lint_auto: 0.12.5 (/opt/ros/humble/share/ament_lint_auto/cmake)
[0.764s] -- Added test 'cppcheck' to perform static code analysis on C / C++ code
[0.764s] -- Configured cppcheck include dirs: 
[0.764s] -- Configured cppcheck exclude dirs and/or files: 
[0.766s] -- Added test 'lint_cmake' to check CMake code style
[0.771s] -- Added test 'uncrustify' to check C / C++ code style
[0.771s] -- Configured uncrustify additional arguments: 
[0.772s] -- Added test 'xmllint' to check XML markup files
[0.774s] -- Configuring done
[0.777s] -- Generating done
[0.778s] -- Build files have been written to: /home/alexandre/ros2_ws/src/turtlesim_catch_them_all_interfaces/build/turtlesim_catch_them_all_interfaces
[0.783s] Invoked command in '/home/alexandre/ros2_ws/src/turtlesim_catch_them_all_interfaces/build/turtlesim_catch_them_all_interfaces' returned '0': CMAKE_PREFIX_PATH=${CMAKE_PREFIX_PATH}:/home/alexandre/ros2_ws/install/my_py_pkg:/opt/ros/humble /usr/bin/cmake /home/alexandre/ros2_ws/src/turtlesim_catch_them_all_interfaces -DCMAKE_INSTALL_PREFIX=/home/alexandre/ros2_ws/src/turtlesim_catch_them_all_interfaces/install/turtlesim_catch_them_all_interfaces
[0.784s] Invoking command in '/home/alexandre/ros2_ws/src/turtlesim_catch_them_all_interfaces/build/turtlesim_catch_them_all_interfaces': CMAKE_PREFIX_PATH=${CMAKE_PREFIX_PATH}:/home/alexandre/ros2_ws/install/my_py_pkg:/opt/ros/humble /usr/bin/cmake --build /home/alexandre/ros2_ws/src/turtlesim_catch_them_all_interfaces/build/turtlesim_catch_them_all_interfaces -- -j12 -l12
[0.812s] Invoked command in '/home/alexandre/ros2_ws/src/turtlesim_catch_them_all_interfaces/build/turtlesim_catch_them_all_interfaces' returned '0': CMAKE_PREFIX_PATH=${CMAKE_PREFIX_PATH}:/home/alexandre/ros2_ws/install/my_py_pkg:/opt/ros/humble /usr/bin/cmake --build /home/alexandre/ros2_ws/src/turtlesim_catch_them_all_interfaces/build/turtlesim_catch_them_all_interfaces -- -j12 -l12
[0.837s] Invoking command in '/home/alexandre/ros2_ws/src/turtlesim_catch_them_all_interfaces/build/turtlesim_catch_them_all_interfaces': CMAKE_PREFIX_PATH=${CMAKE_PREFIX_PATH}:/home/alexandre/ros2_ws/install/my_py_pkg:/opt/ros/humble /usr/bin/cmake --install /home/alexandre/ros2_ws/src/turtlesim_catch_them_all_interfaces/build/turtlesim_catch_them_all_interfaces
[0.842s] -- Install configuration: ""
[0.843s] -- Installing: /home/alexandre/ros2_ws/src/turtlesim_catch_them_all_interfaces/install/turtlesim_catch_them_all_interfaces/share/ament_index/resource_index/package_run_dependencies/turtlesim_catch_them_all_interfaces
[0.843s] -- Installing: /home/alexandre/ros2_ws/src/turtlesim_catch_them_all_interfaces/install/turtlesim_catch_them_all_interfaces/share/ament_index/resource_index/parent_prefix_path/turtlesim_catch_them_all_interfaces
[0.843s] -- Installing: /home/alexandre/ros2_ws/src/turtlesim_catch_them_all_interfaces/install/turtlesim_catch_them_all_interfaces/share/turtlesim_catch_them_all_interfaces/environment/ament_prefix_path.sh
[0.843s] -- Installing: /home/alexandre/ros2_ws/src/turtlesim_catch_them_all_interfaces/install/turtlesim_catch_them_all_interfaces/share/turtlesim_catch_them_all_interfaces/environment/ament_prefix_path.dsv
[0.843s] -- Installing: /home/alexandre/ros2_ws/src/turtlesim_catch_them_all_interfaces/install/turtlesim_catch_them_all_interfaces/share/turtlesim_catch_them_all_interfaces/environment/path.sh
[0.843s] -- Installing: /home/alexandre/ros2_ws/src/turtlesim_catch_them_all_interfaces/install/turtlesim_catch_them_all_interfaces/share/turtlesim_catch_them_all_interfaces/environment/path.dsv
[0.844s] -- Installing: /home/alexandre/ros2_ws/src/turtlesim_catch_them_all_interfaces/install/turtlesim_catch_them_all_interfaces/share/turtlesim_catch_them_all_interfaces/local_setup.bash
[0.844s] -- Installing: /home/alexandre/ros2_ws/src/turtlesim_catch_them_all_interfaces/install/turtlesim_catch_them_all_interfaces/share/turtlesim_catch_them_all_interfaces/local_setup.sh
[0.844s] -- Installing: /home/alexandre/ros2_ws/src/turtlesim_catch_them_all_interfaces/install/turtlesim_catch_them_all_interfaces/share/turtlesim_catch_them_all_interfaces/local_setup.zsh
[0.844s] -- Installing: /home/alexandre/ros2_ws/src/turtlesim_catch_them_all_interfaces/install/turtlesim_catch_them_all_interfaces/share/turtlesim_catch_them_all_interfaces/local_setup.dsv
[0.844s] -- Installing: /home/alexandre/ros2_ws/src/turtlesim_catch_them_all_interfaces/install/turtlesim_catch_them_all_interfaces/share/turtlesim_catch_them_all_interfaces/package.dsv
[0.844s] -- Installing: /home/alexandre/ros2_ws/src/turtlesim_catch_them_all_interfaces/install/turtlesim_catch_them_all_interfaces/share/ament_index/resource_index/packages/turtlesim_catch_them_all_interfaces
[0.845s] -- Installing: /home/alexandre/ros2_ws/src/turtlesim_catch_them_all_interfaces/install/turtlesim_catch_them_all_interfaces/share/turtlesim_catch_them_all_interfaces/cmake/turtlesim_catch_them_all_interfacesConfig.cmake
[0.845s] -- Installing: /home/alexandre/ros2_ws/src/turtlesim_catch_them_all_interfaces/install/turtlesim_catch_them_all_interfaces/share/turtlesim_catch_them_all_interfaces/cmake/turtlesim_catch_them_all_interfacesConfig-version.cmake
[0.845s] -- Installing: /home/alexandre/ros2_ws/src/turtlesim_catch_them_all_interfaces/install/turtlesim_catch_them_all_interfaces/share/turtlesim_catch_them_all_interfaces/package.xml
[0.847s] Invoked command in '/home/alexandre/ros2_ws/src/turtlesim_catch_them_all_interfaces/build/turtlesim_catch_them_all_interfaces' returned '0': CMAKE_PREFIX_PATH=${CMAKE_PREFIX_PATH}:/home/alexandre/ros2_ws/install/my_py_pkg:/opt/ros/humble /usr/bin/cmake --install /home/alexandre/ros2_ws/src/turtlesim_catch_them_all_interfaces/build/turtlesim_catch_them_all_interfaces
