[0.283s] DEBUG:colcon:Command line arguments: ['/usr/bin/colcon', 'build']
[0.283s] DEBUG:colcon:Parsed command line arguments: Namespace(log_base=None, log_level=None, verb_name='build', build_base='build', install_base='install', merge_install=False, symlink_install=False, test_result_base=None, continue_on_error=False, executor='parallel', parallel_workers=12, event_handlers=None, ignore_user_meta=False, metas=['./colcon.meta'], base_paths=['.'], packages_ignore=None, packages_ignore_regex=None, paths=None, packages_up_to=None, packages_up_to_regex=None, packages_above=None, packages_above_and_dependencies=None, packages_above_depth=None, packages_select_by_dep=None, packages_skip_by_dep=None, packages_skip_up_to=None, packages_select_build_failed=False, packages_skip_build_finished=False, packages_select_test_failures=False, packages_skip_test_passed=False, packages_select=None, packages_skip=None, packages_select_regex=None, packages_skip_regex=None, packages_start=None, packages_end=None, allow_overriding=[], cmake_args=None, cmake_target=None, cmake_target_skip_unavailable=False, cmake_clean_cache=False, cmake_clean_first=False, cmake_force_configure=False, ament_cmake_args=None, catkin_cmake_args=None, catkin_skip_building_tests=False, verb_parser=<colcon_defaults.argument_parser.defaults.DefaultArgumentsDecorator object at 0x7fc49411a9e0>, verb_extension=<colcon_core.verb.build.BuildVerb object at 0x7fc49419d120>, main=<bound method BuildVerb.main of <colcon_core.verb.build.BuildVerb object at 0x7fc49419d120>>)
[0.302s] Level 1:colcon.colcon_core.package_discovery:discover_packages(colcon_meta) check parameters
[0.302s] Level 1:colcon.colcon_core.package_discovery:discover_packages(recursive) check parameters
[0.302s] Level 1:colcon.colcon_core.package_discovery:discover_packages(ignore) check parameters
[0.302s] Level 1:colcon.colcon_core.package_discovery:discover_packages(path) check parameters
[0.302s] Level 1:colcon.colcon_core.package_discovery:discover_packages(colcon_meta) discover
[0.302s] Level 1:colcon.colcon_core.package_discovery:discover_packages(recursive) discover
[0.302s] INFO:colcon.colcon_core.package_discovery:Crawling recursively for packages in '/home/alexandre/ros2_ws/src/turtlesim_catch_them_all_interfaces'
[0.302s] Level 1:colcon.colcon_core.package_identification:_identify(.) by extensions ['ignore', 'ignore_ament_install']
[0.302s] Level 1:colcon.colcon_core.package_identification:_identify(.) by extension 'ignore'
[0.302s] Level 1:colcon.colcon_core.package_identification:_identify(.) by extension 'ignore_ament_install'
[0.302s] Level 1:colcon.colcon_core.package_identification:_identify(.) by extensions ['colcon_pkg']
[0.302s] Level 1:colcon.colcon_core.package_identification:_identify(.) by extension 'colcon_pkg'
[0.302s] Level 1:colcon.colcon_core.package_identification:_identify(.) by extensions ['colcon_meta']
[0.302s] Level 1:colcon.colcon_core.package_identification:_identify(.) by extension 'colcon_meta'
[0.302s] Level 1:colcon.colcon_core.package_identification:_identify(.) by extensions ['ros']
[0.302s] Level 1:colcon.colcon_core.package_identification:_identify(.) by extension 'ros'
[0.313s] DEBUG:colcon.colcon_core.package_identification:Package '.' with type 'ros.ament_cmake' and name 'turtlesim_catch_them_all_interfaces'
[0.313s] Level 1:colcon.colcon_core.package_discovery:discover_packages(recursive) using defaults
[0.313s] Level 1:colcon.colcon_core.package_discovery:discover_packages(ignore) discover
[0.313s] Level 1:colcon.colcon_core.package_discovery:discover_packages(ignore) using defaults
[0.313s] Level 1:colcon.colcon_core.package_discovery:discover_packages(path) discover
[0.313s] Level 1:colcon.colcon_core.package_discovery:discover_packages(path) using defaults
[0.332s] Level 1:colcon.colcon_core.package_discovery:discover_packages(prefix_path) check parameters
[0.332s] Level 1:colcon.colcon_core.package_discovery:discover_packages(prefix_path) discover
[0.334s] DEBUG:colcon.colcon_installed_package_information.package_discovery:Found 5 installed packages in /home/alexandre/ros2_ws/install
[0.335s] DEBUG:colcon.colcon_installed_package_information.package_discovery:Found 284 installed packages in /opt/ros/humble
[0.336s] Level 1:colcon.colcon_core.package_discovery:discover_packages(prefix_path) using defaults
[0.390s] Level 5:colcon.colcon_core.verb:set package 'turtlesim_catch_them_all_interfaces' build argument 'cmake_args' from command line to 'None'
[0.390s] Level 5:colcon.colcon_core.verb:set package 'turtlesim_catch_them_all_interfaces' build argument 'cmake_target' from command line to 'None'
[0.390s] Level 5:colcon.colcon_core.verb:set package 'turtlesim_catch_them_all_interfaces' build argument 'cmake_target_skip_unavailable' from command line to 'False'
[0.390s] Level 5:colcon.colcon_core.verb:set package 'turtlesim_catch_them_all_interfaces' build argument 'cmake_clean_cache' from command line to 'False'
[0.390s] Level 5:colcon.colcon_core.verb:set package 'turtlesim_catch_them_all_interfaces' build argument 'cmake_clean_first' from command line to 'False'
[0.390s] Level 5:colcon.colcon_core.verb:set package 'turtlesim_catch_them_all_interfaces' build argument 'cmake_force_configure' from command line to 'False'
[0.390s] Level 5:colcon.colcon_core.verb:set package 'turtlesim_catch_them_all_interfaces' build argument 'ament_cmake_args' from command line to 'None'
[0.390s] Level 5:colcon.colcon_core.verb:set package 'turtlesim_catch_them_all_interfaces' build argument 'catkin_cmake_args' from command line to 'None'
[0.390s] Level 5:colcon.colcon_core.verb:set package 'turtlesim_catch_them_all_interfaces' build argument 'catkin_skip_building_tests' from command line to 'False'
[0.390s] DEBUG:colcon.colcon_core.verb:Building package 'turtlesim_catch_them_all_interfaces' with the following arguments: {'ament_cmake_args': None, 'build_base': '/home/alexandre/ros2_ws/src/turtlesim_catch_them_all_interfaces/build/turtlesim_catch_them_all_interfaces', 'catkin_cmake_args': None, 'catkin_skip_building_tests': False, 'cmake_args': None, 'cmake_clean_cache': False, 'cmake_clean_first': False, 'cmake_force_configure': False, 'cmake_target': None, 'cmake_target_skip_unavailable': False, 'install_base': '/home/alexandre/ros2_ws/src/turtlesim_catch_them_all_interfaces/install/turtlesim_catch_them_all_interfaces', 'merge_install': False, 'path': '/home/alexandre/ros2_ws/src/turtlesim_catch_them_all_interfaces', 'symlink_install': False, 'test_result_base': None}
[0.391s] INFO:colcon.colcon_core.executor:Executing jobs using 'parallel' executor
[0.393s] DEBUG:colcon.colcon_parallel_executor.executor.parallel:run_until_complete
[0.393s] INFO:colcon.colcon_ros.task.ament_cmake.build:Building ROS package in '/home/alexandre/ros2_ws/src/turtlesim_catch_them_all_interfaces' with build type 'ament_cmake'
[0.394s] INFO:colcon.colcon_cmake.task.cmake.build:Building CMake package in '/home/alexandre/ros2_ws/src/turtlesim_catch_them_all_interfaces'
[0.397s] INFO:colcon.colcon_core.plugin_system:Skipping extension 'colcon_core.shell.bat': Not used on non-Windows systems
[0.397s] INFO:colcon.colcon_core.shell:Skip shell extension 'powershell' for command environment: Not usable outside of PowerShell
[0.397s] DEBUG:colcon.colcon_core.shell:Skip shell extension 'dsv' for command environment
[0.404s] DEBUG:colcon.colcon_core.event_handler.log_command:Invoking command in '/home/alexandre/ros2_ws/src/turtlesim_catch_them_all_interfaces/build/turtlesim_catch_them_all_interfaces': CMAKE_PREFIX_PATH=${CMAKE_PREFIX_PATH}:/home/alexandre/ros2_ws/install/my_py_pkg:/opt/ros/humble /usr/bin/cmake /home/alexandre/ros2_ws/src/turtlesim_catch_them_all_interfaces -DCMAKE_INSTALL_PREFIX=/home/alexandre/ros2_ws/src/turtlesim_catch_them_all_interfaces/install/turtlesim_catch_them_all_interfaces
[1.178s] DEBUG:colcon.colcon_core.event_handler.log_command:Invoked command in '/home/alexandre/ros2_ws/src/turtlesim_catch_them_all_interfaces/build/turtlesim_catch_them_all_interfaces' returned '0': CMAKE_PREFIX_PATH=${CMAKE_PREFIX_PATH}:/home/alexandre/ros2_ws/install/my_py_pkg:/opt/ros/humble /usr/bin/cmake /home/alexandre/ros2_ws/src/turtlesim_catch_them_all_interfaces -DCMAKE_INSTALL_PREFIX=/home/alexandre/ros2_ws/src/turtlesim_catch_them_all_interfaces/install/turtlesim_catch_them_all_interfaces
[1.178s] DEBUG:colcon.colcon_core.event_handler.log_command:Invoking command in '/home/alexandre/ros2_ws/src/turtlesim_catch_them_all_interfaces/build/turtlesim_catch_them_all_interfaces': CMAKE_PREFIX_PATH=${CMAKE_PREFIX_PATH}:/home/alexandre/ros2_ws/install/my_py_pkg:/opt/ros/humble /usr/bin/cmake --build /home/alexandre/ros2_ws/src/turtlesim_catch_them_all_interfaces/build/turtlesim_catch_them_all_interfaces -- -j12 -l12
[1.206s] DEBUG:colcon.colcon_core.event_handler.log_command:Invoked command in '/home/alexandre/ros2_ws/src/turtlesim_catch_them_all_interfaces/build/turtlesim_catch_them_all_interfaces' returned '0': CMAKE_PREFIX_PATH=${CMAKE_PREFIX_PATH}:/home/alexandre/ros2_ws/install/my_py_pkg:/opt/ros/humble /usr/bin/cmake --build /home/alexandre/ros2_ws/src/turtlesim_catch_them_all_interfaces/build/turtlesim_catch_them_all_interfaces -- -j12 -l12
[1.232s] DEBUG:colcon.colcon_core.event_handler.log_command:Invoking command in '/home/alexandre/ros2_ws/src/turtlesim_catch_them_all_interfaces/build/turtlesim_catch_them_all_interfaces': CMAKE_PREFIX_PATH=${CMAKE_PREFIX_PATH}:/home/alexandre/ros2_ws/install/my_py_pkg:/opt/ros/humble /usr/bin/cmake --install /home/alexandre/ros2_ws/src/turtlesim_catch_them_all_interfaces/build/turtlesim_catch_them_all_interfaces
[1.241s] Level 1:colcon.colcon_core.environment:create_environment_scripts_only(turtlesim_catch_them_all_interfaces)
[1.242s] DEBUG:colcon.colcon_core.event_handler.log_command:Invoked command in '/home/alexandre/ros2_ws/src/turtlesim_catch_them_all_interfaces/build/turtlesim_catch_them_all_interfaces' returned '0': CMAKE_PREFIX_PATH=${CMAKE_PREFIX_PATH}:/home/alexandre/ros2_ws/install/my_py_pkg:/opt/ros/humble /usr/bin/cmake --install /home/alexandre/ros2_ws/src/turtlesim_catch_them_all_interfaces/build/turtlesim_catch_them_all_interfaces
[1.245s] Level 1:colcon.colcon_core.environment:checking '/home/alexandre/ros2_ws/src/turtlesim_catch_them_all_interfaces/install/turtlesim_catch_them_all_interfaces' for CMake module files
[1.245s] Level 1:colcon.colcon_core.environment:checking '/home/alexandre/ros2_ws/src/turtlesim_catch_them_all_interfaces/install/turtlesim_catch_them_all_interfaces' for CMake config files
[1.245s] Level 1:colcon.colcon_core.shell:create_environment_hook('turtlesim_catch_them_all_interfaces', 'cmake_prefix_path')
[1.246s] INFO:colcon.colcon_core.shell:Creating environment hook '/home/alexandre/ros2_ws/src/turtlesim_catch_them_all_interfaces/install/turtlesim_catch_them_all_interfaces/share/turtlesim_catch_them_all_interfaces/hook/cmake_prefix_path.ps1'
[1.247s] INFO:colcon.colcon_core.shell:Creating environment descriptor '/home/alexandre/ros2_ws/src/turtlesim_catch_them_all_interfaces/install/turtlesim_catch_them_all_interfaces/share/turtlesim_catch_them_all_interfaces/hook/cmake_prefix_path.dsv'
[1.247s] INFO:colcon.colcon_core.shell:Creating environment hook '/home/alexandre/ros2_ws/src/turtlesim_catch_them_all_interfaces/install/turtlesim_catch_them_all_interfaces/share/turtlesim_catch_them_all_interfaces/hook/cmake_prefix_path.sh'
[1.248s] Level 1:colcon.colcon_core.environment:checking '/home/alexandre/ros2_ws/src/turtlesim_catch_them_all_interfaces/install/turtlesim_catch_them_all_interfaces/bin'
[1.248s] Level 1:colcon.colcon_core.environment:checking '/home/alexandre/ros2_ws/src/turtlesim_catch_them_all_interfaces/install/turtlesim_catch_them_all_interfaces/lib/pkgconfig/turtlesim_catch_them_all_interfaces.pc'
[1.248s] Level 1:colcon.colcon_core.environment:checking '/home/alexandre/ros2_ws/src/turtlesim_catch_them_all_interfaces/install/turtlesim_catch_them_all_interfaces/lib/python3.10/site-packages'
[1.248s] Level 1:colcon.colcon_core.environment:checking '/home/alexandre/ros2_ws/src/turtlesim_catch_them_all_interfaces/install/turtlesim_catch_them_all_interfaces/bin'
[1.249s] INFO:colcon.colcon_core.shell:Creating package script '/home/alexandre/ros2_ws/src/turtlesim_catch_them_all_interfaces/install/turtlesim_catch_them_all_interfaces/share/turtlesim_catch_them_all_interfaces/package.ps1'
[1.250s] INFO:colcon.colcon_core.shell:Creating package descriptor '/home/alexandre/ros2_ws/src/turtlesim_catch_them_all_interfaces/install/turtlesim_catch_them_all_interfaces/share/turtlesim_catch_them_all_interfaces/package.dsv'
[1.250s] INFO:colcon.colcon_core.shell:Creating package script '/home/alexandre/ros2_ws/src/turtlesim_catch_them_all_interfaces/install/turtlesim_catch_them_all_interfaces/share/turtlesim_catch_them_all_interfaces/package.sh'
[1.250s] INFO:colcon.colcon_core.shell:Creating package script '/home/alexandre/ros2_ws/src/turtlesim_catch_them_all_interfaces/install/turtlesim_catch_them_all_interfaces/share/turtlesim_catch_them_all_interfaces/package.bash'
[1.251s] INFO:colcon.colcon_core.shell:Creating package script '/home/alexandre/ros2_ws/src/turtlesim_catch_them_all_interfaces/install/turtlesim_catch_them_all_interfaces/share/turtlesim_catch_them_all_interfaces/package.zsh'
[1.251s] Level 1:colcon.colcon_core.environment:create_file_with_runtime_dependencies(/home/alexandre/ros2_ws/src/turtlesim_catch_them_all_interfaces/install/turtlesim_catch_them_all_interfaces/share/colcon-core/packages/turtlesim_catch_them_all_interfaces)
[1.269s] Level 1:colcon.colcon_core.environment:create_environment_scripts_only(turtlesim_catch_them_all_interfaces)
[1.271s] Level 1:colcon.colcon_core.environment:checking '/home/alexandre/ros2_ws/src/turtlesim_catch_them_all_interfaces/install/turtlesim_catch_them_all_interfaces' for CMake module files
[1.271s] Level 1:colcon.colcon_core.environment:checking '/home/alexandre/ros2_ws/src/turtlesim_catch_them_all_interfaces/install/turtlesim_catch_them_all_interfaces' for CMake config files
[1.272s] Level 1:colcon.colcon_core.shell:create_environment_hook('turtlesim_catch_them_all_interfaces', 'cmake_prefix_path')
[1.272s] INFO:colcon.colcon_core.shell:Creating environment hook '/home/alexandre/ros2_ws/src/turtlesim_catch_them_all_interfaces/install/turtlesim_catch_them_all_interfaces/share/turtlesim_catch_them_all_interfaces/hook/cmake_prefix_path.ps1'
[1.273s] INFO:colcon.colcon_core.shell:Creating environment descriptor '/home/alexandre/ros2_ws/src/turtlesim_catch_them_all_interfaces/install/turtlesim_catch_them_all_interfaces/share/turtlesim_catch_them_all_interfaces/hook/cmake_prefix_path.dsv'
[1.273s] INFO:colcon.colcon_core.shell:Creating environment hook '/home/alexandre/ros2_ws/src/turtlesim_catch_them_all_interfaces/install/turtlesim_catch_them_all_interfaces/share/turtlesim_catch_them_all_interfaces/hook/cmake_prefix_path.sh'
[1.273s] Level 1:colcon.colcon_core.environment:checking '/home/alexandre/ros2_ws/src/turtlesim_catch_them_all_interfaces/install/turtlesim_catch_them_all_interfaces/bin'
[1.273s] Level 1:colcon.colcon_core.environment:checking '/home/alexandre/ros2_ws/src/turtlesim_catch_them_all_interfaces/install/turtlesim_catch_them_all_interfaces/lib/pkgconfig/turtlesim_catch_them_all_interfaces.pc'
[1.274s] Level 1:colcon.colcon_core.environment:checking '/home/alexandre/ros2_ws/src/turtlesim_catch_them_all_interfaces/install/turtlesim_catch_them_all_interfaces/lib/python3.10/site-packages'
[1.274s] Level 1:colcon.colcon_core.environment:checking '/home/alexandre/ros2_ws/src/turtlesim_catch_them_all_interfaces/install/turtlesim_catch_them_all_interfaces/bin'
[1.275s] INFO:colcon.colcon_core.shell:Creating package script '/home/alexandre/ros2_ws/src/turtlesim_catch_them_all_interfaces/install/turtlesim_catch_them_all_interfaces/share/turtlesim_catch_them_all_interfaces/package.ps1'
[1.275s] INFO:colcon.colcon_core.shell:Creating package descriptor '/home/alexandre/ros2_ws/src/turtlesim_catch_them_all_interfaces/install/turtlesim_catch_them_all_interfaces/share/turtlesim_catch_them_all_interfaces/package.dsv'
[1.276s] INFO:colcon.colcon_core.shell:Creating package script '/home/alexandre/ros2_ws/src/turtlesim_catch_them_all_interfaces/install/turtlesim_catch_them_all_interfaces/share/turtlesim_catch_them_all_interfaces/package.sh'
[1.276s] INFO:colcon.colcon_core.shell:Creating package script '/home/alexandre/ros2_ws/src/turtlesim_catch_them_all_interfaces/install/turtlesim_catch_them_all_interfaces/share/turtlesim_catch_them_all_interfaces/package.bash'
[1.276s] INFO:colcon.colcon_core.shell:Creating package script '/home/alexandre/ros2_ws/src/turtlesim_catch_them_all_interfaces/install/turtlesim_catch_them_all_interfaces/share/turtlesim_catch_them_all_interfaces/package.zsh'
[1.276s] Level 1:colcon.colcon_core.environment:create_file_with_runtime_dependencies(/home/alexandre/ros2_ws/src/turtlesim_catch_them_all_interfaces/install/turtlesim_catch_them_all_interfaces/share/colcon-core/packages/turtlesim_catch_them_all_interfaces)
[1.277s] DEBUG:colcon.colcon_parallel_executor.executor.parallel:closing loop
[1.277s] DEBUG:colcon.colcon_parallel_executor.executor.parallel:loop closed
[1.277s] DEBUG:colcon.colcon_parallel_executor.executor.parallel:run_until_complete finished with '0'
[1.277s] DEBUG:colcon.colcon_core.event_reactor:joining thread
[1.281s] INFO:colcon.colcon_core.plugin_system:Skipping extension 'colcon_notification.desktop_notification.terminal_notifier': Not used on non-Darwin systems
[1.281s] INFO:colcon.colcon_core.plugin_system:Skipping extension 'colcon_notification.desktop_notification.win32': Not used on non-Windows systems
[1.281s] INFO:colcon.colcon_notification.desktop_notification:Sending desktop notification using 'notify2'
[1.291s] DEBUG:colcon.colcon_core.event_reactor:joined thread
[1.292s] INFO:colcon.colcon_core.shell:Creating prefix script '/home/alexandre/ros2_ws/src/turtlesim_catch_them_all_interfaces/install/local_setup.ps1'
[1.293s] INFO:colcon.colcon_core.shell:Creating prefix util module '/home/alexandre/ros2_ws/src/turtlesim_catch_them_all_interfaces/install/_local_setup_util_ps1.py'
[1.294s] INFO:colcon.colcon_core.shell:Creating prefix chain script '/home/alexandre/ros2_ws/src/turtlesim_catch_them_all_interfaces/install/setup.ps1'
[1.295s] INFO:colcon.colcon_core.shell:Creating prefix script '/home/alexandre/ros2_ws/src/turtlesim_catch_them_all_interfaces/install/local_setup.sh'
[1.296s] INFO:colcon.colcon_core.shell:Creating prefix util module '/home/alexandre/ros2_ws/src/turtlesim_catch_them_all_interfaces/install/_local_setup_util_sh.py'
[1.296s] INFO:colcon.colcon_core.shell:Creating prefix chain script '/home/alexandre/ros2_ws/src/turtlesim_catch_them_all_interfaces/install/setup.sh'
[1.297s] INFO:colcon.colcon_core.shell:Creating prefix script '/home/alexandre/ros2_ws/src/turtlesim_catch_them_all_interfaces/install/local_setup.bash'
[1.297s] INFO:colcon.colcon_core.shell:Creating prefix chain script '/home/alexandre/ros2_ws/src/turtlesim_catch_them_all_interfaces/install/setup.bash'
[1.299s] INFO:colcon.colcon_core.shell:Creating prefix script '/home/alexandre/ros2_ws/src/turtlesim_catch_them_all_interfaces/install/local_setup.zsh'
[1.299s] INFO:colcon.colcon_core.shell:Creating prefix chain script '/home/alexandre/ros2_ws/src/turtlesim_catch_them_all_interfaces/install/setup.zsh'
